<?xml version="1.0" encoding="UTF-8"?>
<testng-results skipped="0" failed="0" ignored="0" total="3" passed="3">
  <reporter-output>
  </reporter-output>
  <suite name="Default suite" duration-ms="27765" started-at="2020-06-07T23:30:34Z" finished-at="2020-06-07T23:31:01Z">
    <groups>
    </groups>
    <test name="Default test" duration-ms="27765" started-at="2020-06-07T23:30:34Z" finished-at="2020-06-07T23:31:01Z">
      <class name="Test1">
        <test-method status="PASS" signature="driverinstantiate()[pri:0, instance:Test1@224edc67]" name="driverinstantiate" is-config="true" duration-ms="5103" started-at="2020-06-07T23:30:34Z" finished-at="2020-06-07T23:30:39Z">
          <reporter-output>
          </reporter-output>
        </test-method> <!-- driverinstantiate -->
        <test-method status="PASS" signature="sample1()[pri:0, instance:Test1@224edc67]" name="sample1" duration-ms="3133" started-at="2020-06-07T23:30:39Z" finished-at="2020-06-07T23:30:42Z">
          <reporter-output>
          </reporter-output>
        </test-method> <!-- sample1 -->
        <test-method status="PASS" signature="driverclose()[pri:0, instance:Test1@224edc67]" name="driverclose" is-config="true" duration-ms="707" started-at="2020-06-07T23:30:42Z" finished-at="2020-06-07T23:30:43Z">
          <reporter-output>
          </reporter-output>
        </test-method> <!-- driverclose -->
        <test-method status="PASS" signature="driverinstantiate()[pri:0, instance:Test1@224edc67]" name="driverinstantiate" is-config="true" duration-ms="4501" started-at="2020-06-07T23:30:43Z" finished-at="2020-06-07T23:30:47Z">
          <reporter-output>
          </reporter-output>
        </test-method> <!-- driverinstantiate -->
        <test-method status="PASS" signature="sample2()[pri:0, instance:Test1@224edc67]" name="sample2" duration-ms="3639" started-at="2020-06-07T23:30:47Z" finished-at="2020-06-07T23:30:51Z">
          <reporter-output>
          </reporter-output>
        </test-method> <!-- sample2 -->
        <test-method status="PASS" signature="driverclose()[pri:0, instance:Test1@224edc67]" name="driverclose" is-config="true" duration-ms="1240" started-at="2020-06-07T23:30:51Z" finished-at="2020-06-07T23:30:52Z">
          <reporter-output>
          </reporter-output>
        </test-method> <!-- driverclose -->
        <test-method status="PASS" signature="driverinstantiate()[pri:0, instance:Test1@224edc67]" name="driverinstantiate" is-config="true" duration-ms="4544" started-at="2020-06-07T23:30:52Z" finished-at="2020-06-07T23:30:57Z">
          <reporter-output>
          </reporter-output>
        </test-method> <!-- driverinstantiate -->
        <test-method status="PASS" signature="sample3()[pri:0, instance:Test1@224edc67]" name="sample3" duration-ms="3650" started-at="2020-06-07T23:30:57Z" finished-at="2020-06-07T23:31:00Z">
          <reporter-output>
          </reporter-output>
        </test-method> <!-- sample3 -->
        <test-method status="PASS" signature="driverclose()[pri:0, instance:Test1@224edc67]" name="driverclose" is-config="true" duration-ms="1205" started-at="2020-06-07T23:31:00Z" finished-at="2020-06-07T23:31:01Z">
          <reporter-output>
          </reporter-output>
        </test-method> <!-- driverclose -->
      </class> <!-- Test1 -->
    </test> <!-- Default test -->
  </suite> <!-- Default suite -->
</testng-results>
